# JRE version: Java(TM) SE Runtime Environment (8.0_112-b15) (build 1.8.0_112-b15)
# Java VM: Java HotSpot(TM) 64-Bit Server VM (25.112-b15 mixed mode windows-amd64 compressed oops)
Heap:
 PSYoungGen      total 63488K, used 1595K [0x00000000ec800000, 0x00000000f1280000, 0x0000000100000000)
  eden space 53760K, 2% used [0x00000000ec800000,0x00000000ec98edf8,0x00000000efc80000)
  from space 9728K, 0% used [0x00000000efc80000,0x00000000efc80000,0x00000000f0600000)
  to   space 11264K, 0% used [0x00000000f0780000,0x00000000f0780000,0x00000000f1280000)
 ParOldGen       total 48128K, used 29726K [0x00000000c5800000, 0x00000000c8700000, 0x00000000ec800000)
  object space 48128K, 61% used [0x00000000c5800000,0x00000000c75078c0,0x00000000c8700000)
 Metaspace       used 26209K, capacity 27022K, committed 27136K, reserved 1073152K
  class space    used 3099K, capacity 3304K, committed 3328K, reserved 1048576K
GC Heap History (10 events):
Event: 35.496 GC heap before
{Heap before GC invocations=13 (full 1):
 PSYoungGen      total 49664K, used 46080K [0x00000000ec800000, 0x00000000f0400000, 0x0000000100000000)
  eden space 46080K, 100% used [0x00000000ec800000,0x00000000ef500000,0x00000000ef500000)
  from space 3584K, 0% used [0x00000000ef680000,0x00000000ef680000,0x00000000efa00000)
  to   space 7680K, 0% used [0x00000000efc80000,0x00000000efc80000,0x00000000f0400000)
 ParOldGen       total 48128K, used 16985K [0x00000000c5800000, 0x00000000c8700000, 0x00000000ec800000)
  object space 48128K, 35% used [0x00000000c5800000,0x00000000c68966b0,0x00000000c8700000)
 Metaspace       used 21451K, capacity 21924K, committed 22064K, reserved 1069056K
  class space    used 2549K, capacity 2658K, committed 2688K, reserved 1048576K
Event: 35.523 GC heap after
Heap after GC invocations=13 (full 1):
 PSYoungGen      total 52224K, used 7648K [0x00000000ec800000, 0x00000000f1180000, 0x0000000100000000)
  eden space 44544K, 0% used [0x00000000ec800000,0x00000000ec800000,0x00000000ef380000)
  from space 7680K, 99% used [0x00000000efc80000,0x00000000f03f8298,0x00000000f0400000)
  to   space 9216K, 0% used [0x00000000ef380000,0x00000000ef380000,0x00000000efc80000)
 ParOldGen       total 48128K, used 19132K [0x00000000c5800000, 0x00000000c8700000, 0x00000000ec800000)
  object space 48128K, 39% used [0x00000000c5800000,0x00000000c6aaf158,0x00000000c8700000)
 Metaspace       used 21451K, capacity 21924K, committed 22064K, reserved 1069056K
  class space    used 2549K, capacity 2658K, committed 2688K, reserved 1048576K
}
Event: 39.588 GC heap before
{Heap before GC invocations=14 (full 1):
 PSYoungGen      total 52224K, used 52192K [0x00000000ec800000, 0x00000000f1180000, 0x0000000100000000)
  eden space 44544K, 100% used [0x00000000ec800000,0x00000000ef380000,0x00000000ef380000)
  from space 7680K, 99% used [0x00000000efc80000,0x00000000f03f8298,0x00000000f0400000)
  to   space 9216K, 0% used [0x00000000ef380000,0x00000000ef380000,0x00000000efc80000)
 ParOldGen       total 48128K, used 19132K [0x00000000c5800000, 0x00000000c8700000, 0x00000000ec800000)
  object space 48128K, 39% used [0x00000000c5800000,0x00000000c6aaf158,0x00000000c8700000)
 Metaspace       used 23226K, capacity 23764K, committed 23936K, reserved 1071104K
  class space    used 2705K, capacity 2856K, committed 2944K, reserved 1048576K
Event: 39.612 GC heap after
Heap after GC invocations=14 (full 1):
 PSYoungGen      total 53760K, used 5382K [0x00000000ec800000, 0x00000000f0f00000, 0x0000000100000000)
  eden space 44544K, 0% used [0x00000000ec800000,0x00000000ec800000,0x00000000ef380000)
  from space 9216K, 58% used [0x00000000ef380000,0x00000000ef8c1bc0,0x00000000efc80000)
  to   space 9216K, 0% used [0x00000000f0600000,0x00000000f0600000,0x00000000f0f00000)
 ParOldGen       total 48128K, used 26761K [0x00000000c5800000, 0x00000000c8700000, 0x00000000ec800000)
  object space 48128K, 55% used [0x00000000c5800000,0x00000000c7222630,0x00000000c8700000)
 Metaspace       used 23226K, capacity 23764K, committed 23936K, reserved 1071104K
  class space    used 2705K, capacity 2856K, committed 2944K, reserved 1048576K
}
Event: 44.353 GC heap before
{Heap before GC invocations=15 (full 1):
 PSYoungGen      total 53760K, used 49926K [0x00000000ec800000, 0x00000000f0f00000, 0x0000000100000000)
  eden space 44544K, 100% used [0x00000000ec800000,0x00000000ef380000,0x00000000ef380000)
  from space 9216K, 58% used [0x00000000ef380000,0x00000000ef8c1bc0,0x00000000efc80000)
  to   space 9216K, 0% used [0x00000000f0600000,0x00000000f0600000,0x00000000f0f00000)
 ParOldGen       total 48128K, used 26761K [0x00000000c5800000, 0x00000000c8700000, 0x00000000ec800000)
  object space 48128K, 55% used [0x00000000c5800000,0x00000000c7222630,0x00000000c8700000)
 Metaspace       used 24751K, capacity 25488K, committed 25600K, reserved 1071104K
  class space    used 2895K, capacity 3066K, committed 3072K, reserved 1048576K
Event: 44.375 GC heap after
Heap after GC invocations=15 (full 1):
 PSYoungGen      total 62976K, used 8650K [0x00000000ec800000, 0x00000000f0f80000, 0x0000000100000000)
  eden space 53760K, 0% used [0x00000000ec800000,0x00000000ec800000,0x00000000efc80000)
  from space 9216K, 93% used [0x00000000f0600000,0x00000000f0e72aa8,0x00000000f0f00000)
  to   space 9728K, 0% used [0x00000000efc80000,0x00000000efc80000,0x00000000f0600000)
 ParOldGen       total 48128K, used 26769K [0x00000000c5800000, 0x00000000c8700000, 0x00000000ec800000)
  object space 48128K, 55% used [0x00000000c5800000,0x00000000c7224630,0x00000000c8700000)
 Metaspace       used 24751K, capacity 25488K, committed 25600K, reserved 1071104K
  class space    used 2895K, capacity 3066K, committed 3072K, reserved 1048576K
}
Event: 52.083 GC heap before
{Heap before GC invocations=16 (full 1):
 PSYoungGen      total 62976K, used 45442K [0x00000000ec800000, 0x00000000f0f80000, 0x0000000100000000)
  eden space 53760K, 68% used [0x00000000ec800000,0x00000000eebedf68,0x00000000efc80000)
  from space 9216K, 93% used [0x00000000f0600000,0x00000000f0e72aa8,0x00000000f0f00000)
  to   space 9728K, 0% used [0x00000000efc80000,0x00000000efc80000,0x00000000f0600000)
 ParOldGen       total 48128K, used 26769K [0x00000000c5800000, 0x00000000c8700000, 0x00000000ec800000)
  object space 48128K, 55% used [0x00000000c5800000,0x00000000c7224630,0x00000000c8700000)
 Metaspace       used 26213K, capacity 27040K, committed 27136K, reserved 1073152K
  class space    used 3100K, capacity 3306K, committed 3328K, reserved 1048576K
Event: 52.103 GC heap after
Heap after GC invocations=16 (full 1):
 PSYoungGen      total 63488K, used 9724K [0x00000000ec800000, 0x00000000f1280000, 0x0000000100000000)
  eden space 53760K, 0% used [0x00000000ec800000,0x00000000ec800000,0x00000000efc80000)
  from space 9728K, 99% used [0x00000000efc80000,0x00000000f05ff320,0x00000000f0600000)
  to   space 11264K, 0% used [0x00000000f0780000,0x00000000f0780000,0x00000000f1280000)
 ParOldGen       total 48128K, used 27117K [0x00000000c5800000, 0x00000000c8700000, 0x00000000ec800000)
  object space 48128K, 56% used [0x00000000c5800000,0x00000000c727b428,0x00000000c8700000)
 Metaspace       used 26213K, capacity 27040K, committed 27136K, reserved 1073152K
  class space    used 3100K, capacity 3306K, committed 3328K, reserved 1048576K
}
Event: 52.103 GC heap before
{Heap before GC invocations=17 (full 2):
 PSYoungGen      total 63488K, used 9724K [0x00000000ec800000, 0x00000000f1280000, 0x0000000100000000)
  eden space 53760K, 0% used [0x00000000ec800000,0x00000000ec800000,0x00000000efc80000)
  from space 9728K, 99% used [0x00000000efc80000,0x00000000f05ff320,0x00000000f0600000)
  to   space 11264K, 0% used [0x00000000f0780000,0x00000000f0780000,0x00000000f1280000)
 ParOldGen       total 48128K, used 27117K [0x00000000c5800000, 0x00000000c8700000, 0x00000000ec800000)
  object space 48128K, 56% used [0x00000000c5800000,0x00000000c727b428,0x00000000c8700000)
 Metaspace       used 26213K, capacity 27040K, committed 27136K, reserved 1073152K
  class space    used 3100K, capacity 3306K, committed 3328K, reserved 1048576K
Event: 52.590 GC heap after
Heap after GC invocations=17 (full 2):
 PSYoungGen      total 63488K, used 0K [0x00000000ec800000, 0x00000000f1280000, 0x0000000100000000)
  eden space 53760K, 0% used [0x00000000ec800000,0x00000000ec800000,0x00000000efc80000)
  from space 9728K, 0% used [0x00000000efc80000,0x00000000efc80000,0x00000000f0600000)
  to   space 11264K, 0% used [0x00000000f0780000,0x00000000f0780000,0x00000000f1280000)
 ParOldGen       total 48128K, used 29726K [0x00000000c5800000, 0x00000000c8700000, 0x00000000ec800000)
  object space 48128K, 61% used [0x00000000c5800000,0x00000000c75078c0,0x00000000c8700000)
 Metaspace       used 26198K, capacity 27022K, committed 27136K, reserved 1073152K
  class space    used 3099K, capacity 3304K, committed 3328K, reserved 1048576K
}

